mode: atomic
broadcast/broadcast.go:16.33,20.2 1 2
broadcast/broadcast.go:24.26,28.35 3 3
broadcast/broadcast.go:28.35,30.3 1 3
broadcast/broadcast.go:35.29,39.35 3 1
broadcast/broadcast.go:39.35,40.10 1 1
broadcast/broadcast.go:41.32,41.32 0 0
broadcast/broadcast.go:42.11,42.11 0 1
broadcast/broadcast.go:48.50,60.2 6 3
broadcast/broadcast.go:62.25,66.35 3 2
broadcast/broadcast.go:69.2,69.17 1 2
broadcast/broadcast.go:66.35,68.3 1 1
broadcast/broadcast.go:72.36,78.2 4 2
broadcast/broadcast.go:89.41,91.2 1 3
broadcast/broadcast.go:95.28,96.14 1 4
broadcast/broadcast.go:100.2,101.17 2 2
broadcast/broadcast.go:96.14,98.3 1 2
