mode: atomic
broadcast/broadcast.go:13.33,17.2 1 2
broadcast/broadcast.go:19.26,23.35 3 3
broadcast/broadcast.go:23.35,25.3 1 3
broadcast/broadcast.go:28.29,32.35 3 1
broadcast/broadcast.go:32.35,33.10 1 1
broadcast/broadcast.go:34.32,34.32 0 0
broadcast/broadcast.go:35.11,35.11 0 1
broadcast/broadcast.go:40.50,52.2 6 3
broadcast/broadcast.go:54.33,58.2 3 2
broadcast/broadcast.go:67.41,69.2 1 3
broadcast/broadcast.go:71.28,72.14 1 4
broadcast/broadcast.go:76.2,78.17 3 2
broadcast/broadcast.go:72.14,74.3 1 2
